2023-10-08T19:32:24+00:00 CRITICAL Uncaught ArgumentCountError: Too few arguments to function add_link_admin_planty(), 1 passed in C:\xampp\htdocs\Planty\wp-includes\class-wp-hook.php on line 312 and exactly 2 expected in C:\xampp\htdocs\Planty\wp-content\themes\planty\functions.php:35
Stack trace:
#0 C:\xampp\htdocs\Planty\wp-includes\class-wp-hook.php(312): add_link_admin_planty('<li id="menu-it...')
#1 C:\xampp\htdocs\Planty\wp-includes\plugin.php(205): WP_Hook->apply_filters('<li id="menu-it...', Array)
#2 C:\xampp\htdocs\Planty\wp-includes\nav-menu-template.php(267): apply_filters('wp_nav_menu_ite...', '<li id="menu-it...', Object(stdClass))
#3 C:\xampp\htdocs\Planty\wp-content\themes\planty\header.php(31): wp_nav_menu(Object(stdClass))
#4 C:\xampp\htdocs\Planty\wp-includes\template.php(785): require_once('C:\\xampp\\htdocs...')
#5 C:\xampp\htdocs\Planty\wp-includes\template.php(720): load_template('C:\\xampp\\htdocs...', true, Array)
#6 C:\xampp\htdocs\Planty\wp-includes\general-template.php(48): locate_template(Array, true, true, Array)
#7 C:\xampp\htdocs\Planty\wp-content\plugins\elementor\modules\page-templates\templates\header-footer.php(9): get_header()
#8 C:\xampp\htdocs\Planty\wp-includes\template-loader.php(106): include('C:\\xampp\\htdocs...')
#9 C:\xampp\htdocs\Planty\wp-blog-header.php(19): require_once('C:\\xampp\\htdocs...')
#10 C:\xampp\htdocs\Planty\index.php(17): require('C:\\xampp\\htdocs...')
#11 {main}
  thrown in C:\xampp\htdocs\Planty\wp-content\themes\planty\functions.php on line 35

2023-10-08T19:41:37+00:00 CRITICAL Uncaught Error: Undefined constant "location" in C:\xampp\htdocs\Planty\wp-content\themes\planty\functions.php:36
Stack trace:
#0 C:\xampp\htdocs\Planty\wp-includes\class-wp-hook.php(310): add_link_admin_planty('<li id="menu-it...', Object(stdClass))
#1 C:\xampp\htdocs\Planty\wp-includes\plugin.php(205): WP_Hook->apply_filters('<li id="menu-it...', Array)
#2 C:\xampp\htdocs\Planty\wp-includes\nav-menu-template.php(267): apply_filters('wp_nav_menu_ite...', '<li id="menu-it...', Object(stdClass))
#3 C:\xampp\htdocs\Planty\wp-content\themes\planty\header.php(31): wp_nav_menu(Object(stdClass))
#4 C:\xampp\htdocs\Planty\wp-includes\template.php(785): require_once('C:\\xampp\\htdocs...')
#5 C:\xampp\htdocs\Planty\wp-includes\template.php(720): load_template('C:\\xampp\\htdocs...', true, Array)
#6 C:\xampp\htdocs\Planty\wp-includes\general-template.php(48): locate_template(Array, true, true, Array)
#7 C:\xampp\htdocs\Planty\wp-content\plugins\elementor\modules\page-templates\templates\header-footer.php(9): get_header()
#8 C:\xampp\htdocs\Planty\wp-includes\template-loader.php(106): include('C:\\xampp\\htdocs...')
#9 C:\xampp\htdocs\Planty\wp-blog-header.php(19): require_once('C:\\xampp\\htdocs...')
#10 C:\xampp\htdocs\Planty\index.php(17): require('C:\\xampp\\htdocs...')
#11 {main}
  thrown in C:\xampp\htdocs\Planty\wp-content\themes\planty\functions.php on line 36

